Flow report for pbl
Fri Apr 17 17:38:23 2026
Quartus Prime Version 23.1std.0 Build 991 11/28/2023 SC Lite Edition


---------------------
; Table of Contents ;
---------------------
  1. Legal Notice
  2. Flow Summary
  3. Flow Settings
  4. Flow Non-Default Global Settings
  5. Flow Elapsed Time
  6. Flow OS Summary
  7. Flow Log
  8. Flow Messages
  9. Flow Suppressed Messages



----------------
; Legal Notice ;
----------------
Copyright (C) 2023  Intel Corporation. All rights reserved.
Your use of Intel Corporation's design tools, logic functions 
and other software and tools, and any partner logic 
functions, and any output files from any of the foregoing 
(including device programming or simulation files), and any 
associated documentation or information are expressly subject 
to the terms and conditions of the Intel Program License 
Subscription Agreement, the Intel Quartus Prime License Agreement,
the Intel FPGA IP License Agreement, or other applicable license
agreement, including, without limitation, that your use is for
the sole purpose of programming logic devices manufactured by
Intel and sold by Intel or its authorized distributors.  Please
refer to the applicable agreement for further details, at
https://fpgasoftware.intel.com/eula.



+----------------------------------------------------------------------------------+
; Flow Summary                                                                     ;
+---------------------------------+------------------------------------------------+
; Flow Status                     ; Successful - Fri Apr 17 17:38:23 2026          ;
; Quartus Prime Version           ; 23.1std.0 Build 991 11/28/2023 SC Lite Edition ;
; Revision Name                   ; pbl                                            ;
; Top-level Entity Name           ; coprocessador                                  ;
; Family                          ; Cyclone V                                      ;
; Device                          ; 5CSEMA5F31C6                                   ;
; Timing Models                   ; Final                                          ;
; Logic utilization (in ALMs)     ; 1,940 / 32,070 ( 6 % )                         ;
; Total registers                 ; 2457                                           ;
; Total pins                      ; 53 / 457 ( 12 % )                              ;
; Total virtual pins              ; 0                                              ;
; Total block memory bits         ; 1,640,704 / 4,065,280 ( 40 % )                 ;
; Total DSP Blocks                ; 4 / 87 ( 5 % )                                 ;
; Total HSSI RX PCSs              ; 0                                              ;
; Total HSSI PMA RX Deserializers ; 0                                              ;
; Total HSSI TX PCSs              ; 0                                              ;
; Total HSSI PMA TX Serializers   ; 0                                              ;
; Total PLLs                      ; 0 / 6 ( 0 % )                                  ;
; Total DLLs                      ; 0 / 4 ( 0 % )                                  ;
+---------------------------------+------------------------------------------------+


+-----------------------------------------+
; Flow Settings                           ;
+-------------------+---------------------+
; Option            ; Setting             ;
+-------------------+---------------------+
; Start date & time ; 04/17/2026 17:36:51 ;
; Main task         ; Compilation         ;
; Revision Name     ; pbl                 ;
+-------------------+---------------------+


+---------------------------------------------------------------------------------------------------------------------------------------------------+
; Flow Non-Default Global Settings                                                                                                                  ;
+--------------------------------------+----------------------------------------+---------------+---------------+-----------------------------------+
; Assignment Name                      ; Value                                  ; Default Value ; Entity Name   ; Section Id                        ;
+--------------------------------------+----------------------------------------+---------------+---------------+-----------------------------------+
; COMPILER_SIGNATURE_ID                ; 268809282676016.177645821107188        ; --            ; --            ; --                                ;
; EDA_DESIGN_INSTANCE_NAME             ; NA                                     ; --            ; --            ; tb_elm_accel_completo             ;
; EDA_GENERATE_FUNCTIONAL_NETLIST      ; Off                                    ; --            ; --            ; eda_board_design_timing           ;
; EDA_GENERATE_FUNCTIONAL_NETLIST      ; Off                                    ; --            ; --            ; eda_board_design_boundary_scan    ;
; EDA_GENERATE_FUNCTIONAL_NETLIST      ; Off                                    ; --            ; --            ; eda_board_design_signal_integrity ;
; EDA_GENERATE_FUNCTIONAL_NETLIST      ; Off                                    ; --            ; --            ; eda_board_design_symbol           ;
; EDA_NATIVELINK_SIMULATION_TEST_BENCH ; tb_elm_accel_completo                  ; --            ; --            ; eda_simulation                    ;
; EDA_OUTPUT_DATA_FORMAT               ; Verilog Hdl                            ; --            ; --            ; eda_simulation                    ;
; EDA_RUN_TOOL_AUTOMATICALLY           ; Off                                    ; --            ; --            ; eda_simulation                    ;
; EDA_SIMULATION_TOOL                  ; QuestaSim (Verilog)                    ; <None>        ; --            ; --                                ;
; EDA_TEST_BENCH_ENABLE_STATUS         ; TEST_BENCH_MODE                        ; --            ; --            ; eda_simulation                    ;
; EDA_TEST_BENCH_FILE                  ; tb_teste.v                             ; --            ; --            ; tb_elm_accel_completo             ;
; EDA_TEST_BENCH_MODULE_NAME           ; tb_elm_accel_completo                  ; --            ; --            ; tb_elm_accel_completo             ;
; EDA_TEST_BENCH_NAME                  ; tb_elm_accel_completo                  ; --            ; --            ; eda_simulation                    ;
; EDA_TIME_SCALE                       ; 1 ps                                   ; --            ; --            ; eda_simulation                    ;
; MAX_CORE_JUNCTION_TEMP               ; 85                                     ; --            ; --            ; --                                ;
; MIN_CORE_JUNCTION_TEMP               ; 0                                      ; --            ; --            ; --                                ;
; MISC_FILE                            ; mem_imagem_bb.v                        ; --            ; --            ; --                                ;
; MISC_FILE                            ; mem_pesos_bb.v                         ; --            ; --            ; --                                ;
; MISC_FILE                            ; mem_bias_bb.v                          ; --            ; --            ; --                                ;
; MISC_FILE                            ; mem_saida_bb.v                         ; --            ; --            ; --                                ;
; PARTITION_COLOR                      ; -- (Not supported for targeted family) ; --            ; coprocessador ; Top                               ;
; PARTITION_FITTER_PRESERVATION_LEVEL  ; -- (Not supported for targeted family) ; --            ; coprocessador ; Top                               ;
; PARTITION_NETLIST_TYPE               ; -- (Not supported for targeted family) ; --            ; coprocessador ; Top                               ;
; POWER_BOARD_THERMAL_MODEL            ; None (CONSERVATIVE)                    ; --            ; --            ; --                                ;
; POWER_PRESET_COOLING_SOLUTION        ; 23 MM HEAT SINK WITH 200 LFPM AIRFLOW  ; --            ; --            ; --                                ;
; PROJECT_OUTPUT_DIRECTORY             ; output_files                           ; --            ; --            ; --                                ;
; TOP_LEVEL_ENTITY                     ; coprocessador                          ; pbl           ; --            ; --                                ;
+--------------------------------------+----------------------------------------+---------------+---------------+-----------------------------------+


+--------------------------------------------------------------------------------------------------------------------------+
; Flow Elapsed Time                                                                                                        ;
+----------------------+--------------+-------------------------+---------------------+------------------------------------+
; Module Name          ; Elapsed Time ; Average Processors Used ; Peak Virtual Memory ; Total CPU Time (on all processors) ;
+----------------------+--------------+-------------------------+---------------------+------------------------------------+
; Analysis & Synthesis ; 00:00:20     ; 1.3                     ; 686 MB              ; 00:00:41                           ;
; Fitter               ; 00:00:51     ; 1.6                     ; 2683 MB             ; 00:04:13                           ;
; Assembler            ; 00:00:05     ; 1.0                     ; 562 MB              ; 00:00:05                           ;
; Timing Analyzer      ; 00:00:07     ; 4.2                     ; 1067 MB             ; 00:00:26                           ;
; EDA Netlist Writer   ; 00:00:03     ; 1.0                     ; 716 MB              ; 00:00:02                           ;
; Total                ; 00:01:26     ; --                      ; --                  ; 00:05:27                           ;
+----------------------+--------------+-------------------------+---------------------+------------------------------------+


+----------------------------------------------------------------------------------------+
; Flow OS Summary                                                                        ;
+----------------------+------------------+----------------+------------+----------------+
; Module Name          ; Machine Hostname ; OS Name        ; OS Version ; Processor type ;
+----------------------+------------------+----------------+------------+----------------+
; Analysis & Synthesis ; LEDS-54157       ; Ubuntu 24.04.4 ; 24         ; x86_64         ;
; Fitter               ; LEDS-54157       ; Ubuntu 24.04.4 ; 24         ; x86_64         ;
; Assembler            ; LEDS-54157       ; Ubuntu 24.04.4 ; 24         ; x86_64         ;
; Timing Analyzer      ; LEDS-54157       ; Ubuntu 24.04.4 ; 24         ; x86_64         ;
; EDA Netlist Writer   ; LEDS-54157       ; Ubuntu 24.04.4 ; 24         ; x86_64         ;
+----------------------+------------------+----------------+------------+----------------+


------------
; Flow Log ;
------------
quartus_map --read_settings_files=on --write_settings_files=off pbl -c pbl
quartus_fit --read_settings_files=off --write_settings_files=off pbl -c pbl
quartus_asm --read_settings_files=off --write_settings_files=off pbl -c pbl
quartus_sta pbl -c pbl
quartus_eda --read_settings_files=off --write_settings_files=off pbl -c pbl



